<?xml version="1.0" encoding="UTF-8"?>
<testsuite xmlns:xsi="http://www.w3.org/2001/XMLSchema-instance" xsi:noNamespaceSchemaLocation="https://maven.apache.org/surefire/maven-surefire-plugin/xsd/surefire-test-report.xsd" name="com.sportsstore.application.usecase.CreateProductUseCaseTest" time="0.45" tests="2" errors="0" skipped="0" failures="0">
  <properties>
    <property name="java.specification.version" value="17"/>
    <property name="sun.jnu.encoding" value="UTF-8"/>
    <property name="java.class.path" value="/home/lorran-henrique/Documentos/testando/sports-store/backend/target/test-classes:/home/lorran-henrique/Documentos/testando/sports-store/backend/target/classes:/home/lorran-henrique/.m2/repository/org/springframework/boot/spring-boot-starter-web/2.7.14/spring-boot-starter-web-2.7.14.jar:/home/lorran-henrique/.m2/repository/org/springframework/boot/spring-boot-starter/2.7.14/spring-boot-starter-2.7.14.jar:/home/lorran-henrique/.m2/repository/org/springframework/boot/spring-boot/2.7.14/spring-boot-2.7.14.jar:/home/lorran-henrique/.m2/repository/org/springframework/boot/spring-boot-autoconfigure/2.7.14/spring-boot-autoconfigure-2.7.14.jar:/home/lorran-henrique/.m2/repository/org/springframework/boot/spring-boot-starter-logging/2.7.14/spring-boot-starter-logging-2.7.14.jar:/home/lorran-henrique/.m2/repository/ch/qos/logback/logback-classic/1.2.12/logback-classic-1.2.12.jar:/home/lorran-henrique/.m2/repository/ch/qos/logback/logback-core/1.2.12/logback-core-1.2.12.jar:/home/lorran-henrique/.m2/repository/org/apache/logging/log4j/log4j-to-slf4j/2.17.2/log4j-to-slf4j-2.17.2.jar:/home/lorran-henrique/.m2/repository/org/apache/logging/log4j/log4j-api/2.17.2/log4j-api-2.17.2.jar:/home/lorran-henrique/.m2/repository/org/slf4j/jul-to-slf4j/1.7.36/jul-to-slf4j-1.7.36.jar:/home/lorran-henrique/.m2/repository/jakarta/annotation/jakarta.annotation-api/1.3.5/jakarta.annotation-api-1.3.5.jar:/home/lorran-henrique/.m2/repository/org/yaml/snakeyaml/1.30/snakeyaml-1.30.jar:/home/lorran-henrique/.m2/repository/org/springframework/boot/spring-boot-starter-json/2.7.14/spring-boot-starter-json-2.7.14.jar:/home/lorran-henrique/.m2/repository/com/fasterxml/jackson/core/jackson-databind/2.13.5/jackson-databind-2.13.5.jar:/home/lorran-henrique/.m2/repository/com/fasterxml/jackson/core/jackson-core/2.13.5/jackson-core-2.13.5.jar:/home/lorran-henrique/.m2/repository/com/fasterxml/jackson/datatype/jackson-datatype-jdk8/2.13.5/jackson-datatype-jdk8-2.13.5.jar:/home/lorran-henrique/.m2/repository/com/fasterxml/jackson/datatype/jackson-datatype-jsr310/2.13.5/jackson-datatype-jsr310-2.13.5.jar:/home/lorran-henrique/.m2/repository/com/fasterxml/jackson/module/jackson-module-parameter-names/2.13.5/jackson-module-parameter-names-2.13.5.jar:/home/lorran-henrique/.m2/repository/org/springframework/boot/spring-boot-starter-tomcat/2.7.14/spring-boot-starter-tomcat-2.7.14.jar:/home/lorran-henrique/.m2/repository/org/apache/tomcat/embed/tomcat-embed-core/9.0.78/tomcat-embed-core-9.0.78.jar:/home/lorran-henrique/.m2/repository/org/apache/tomcat/embed/tomcat-embed-websocket/9.0.78/tomcat-embed-websocket-9.0.78.jar:/home/lorran-henrique/.m2/repository/org/springframework/spring-web/5.3.29/spring-web-5.3.29.jar:/home/lorran-henrique/.m2/repository/org/springframework/spring-beans/5.3.29/spring-beans-5.3.29.jar:/home/lorran-henrique/.m2/repository/org/springframework/spring-webmvc/5.3.29/spring-webmvc-5.3.29.jar:/home/lorran-henrique/.m2/repository/org/springframework/spring-context/5.3.29/spring-context-5.3.29.jar:/home/lorran-henrique/.m2/repository/org/springframework/spring-expression/5.3.29/spring-expression-5.3.29.jar:/home/lorran-henrique/.m2/repository/org/springframework/boot/spring-boot-starter-data-jpa/2.7.14/spring-boot-starter-data-jpa-2.7.14.jar:/home/lorran-henrique/.m2/repository/org/springframework/boot/spring-boot-starter-aop/2.7.14/spring-boot-starter-aop-2.7.14.jar:/home/lorran-henrique/.m2/repository/org/aspectj/aspectjweaver/1.9.7/aspectjweaver-1.9.7.jar:/home/lorran-henrique/.m2/repository/org/springframework/boot/spring-boot-starter-jdbc/2.7.14/spring-boot-starter-jdbc-2.7.14.jar:/home/lorran-henrique/.m2/repository/com/zaxxer/HikariCP/4.0.3/HikariCP-4.0.3.jar:/home/lorran-henrique/.m2/repository/org/springframework/spring-jdbc/5.3.29/spring-jdbc-5.3.29.jar:/home/lorran-henrique/.m2/repository/jakarta/transaction/jakarta.transaction-api/1.3.3/jakarta.transaction-api-1.3.3.jar:/home/lorran-henrique/.m2/repository/jakarta/persistence/jakarta.persistence-api/2.2.3/jakarta.persistence-api-2.2.3.jar:/home/lorran-henrique/.m2/repository/org/hibernate/hibernate-core/5.6.15.Final/hibernate-core-5.6.15.Final.jar:/home/lorran-henrique/.m2/repository/org/jboss/logging/jboss-logging/3.4.3.Final/jboss-logging-3.4.3.Final.jar:/home/lorran-henrique/.m2/repository/net/bytebuddy/byte-buddy/1.12.23/byte-buddy-1.12.23.jar:/home/lorran-henrique/.m2/repository/antlr/antlr/2.7.7/antlr-2.7.7.jar:/home/lorran-henrique/.m2/repository/org/jboss/jandex/2.4.2.Final/jandex-2.4.2.Final.jar:/home/lorran-henrique/.m2/repository/com/fasterxml/classmate/1.5.1/classmate-1.5.1.jar:/home/lorran-henrique/.m2/repository/org/hibernate/common/hibernate-commons-annotations/5.1.2.Final/hibernate-commons-annotations-5.1.2.Final.jar:/home/lorran-henrique/.m2/repository/org/glassfish/jaxb/jaxb-runtime/2.3.8/jaxb-runtime-2.3.8.jar:/home/lorran-henrique/.m2/repository/org/glassfish/jaxb/txw2/2.3.8/txw2-2.3.8.jar:/home/lorran-henrique/.m2/repository/com/sun/istack/istack-commons-runtime/3.0.12/istack-commons-runtime-3.0.12.jar:/home/lorran-henrique/.m2/repository/com/sun/activation/jakarta.activation/1.2.2/jakarta.activation-1.2.2.jar:/home/lorran-henrique/.m2/repository/org/springframework/data/spring-data-jpa/2.7.14/spring-data-jpa-2.7.14.jar:/home/lorran-henrique/.m2/repository/org/springframework/data/spring-data-commons/2.7.14/spring-data-commons-2.7.14.jar:/home/lorran-henrique/.m2/repository/org/springframework/spring-orm/5.3.29/spring-orm-5.3.29.jar:/home/lorran-henrique/.m2/repository/org/springframework/spring-tx/5.3.29/spring-tx-5.3.29.jar:/home/lorran-henrique/.m2/repository/org/springframework/spring-aspects/5.3.29/spring-aspects-5.3.29.jar:/home/lorran-henrique/.m2/repository/org/springframework/boot/spring-boot-starter-validation/2.7.14/spring-boot-starter-validation-2.7.14.jar:/home/lorran-henrique/.m2/repository/org/apache/tomcat/embed/tomcat-embed-el/9.0.78/tomcat-embed-el-9.0.78.jar:/home/lorran-henrique/.m2/repository/org/hibernate/validator/hibernate-validator/6.2.5.Final/hibernate-validator-6.2.5.Final.jar:/home/lorran-henrique/.m2/repository/jakarta/validation/jakarta.validation-api/2.0.2/jakarta.validation-api-2.0.2.jar:/home/lorran-henrique/.m2/repository/org/springframework/boot/spring-boot-starter-cache/2.7.14/spring-boot-starter-cache-2.7.14.jar:/home/lorran-henrique/.m2/repository/org/springframework/spring-context-support/5.3.29/spring-context-support-5.3.29.jar:/home/lorran-henrique/.m2/repository/org/springframework/boot/spring-boot-starter-data-redis/2.7.14/spring-boot-starter-data-redis-2.7.14.jar:/home/lorran-henrique/.m2/repository/org/springframework/data/spring-data-redis/2.7.14/spring-data-redis-2.7.14.jar:/home/lorran-henrique/.m2/repository/org/springframework/data/spring-data-keyvalue/2.7.14/spring-data-keyvalue-2.7.14.jar:/home/lorran-henrique/.m2/repository/org/springframework/spring-oxm/5.3.29/spring-oxm-5.3.29.jar:/home/lorran-henrique/.m2/repository/io/lettuce/lettuce-core/6.1.10.RELEASE/lettuce-core-6.1.10.RELEASE.jar:/home/lorran-henrique/.m2/repository/io/netty/netty-common/4.1.94.Final/netty-common-4.1.94.Final.jar:/home/lorran-henrique/.m2/repository/io/netty/netty-handler/4.1.94.Final/netty-handler-4.1.94.Final.jar:/home/lorran-henrique/.m2/repository/io/netty/netty-resolver/4.1.94.Final/netty-resolver-4.1.94.Final.jar:/home/lorran-henrique/.m2/repository/io/netty/netty-buffer/4.1.94.Final/netty-buffer-4.1.94.Final.jar:/home/lorran-henrique/.m2/repository/io/netty/netty-transport-native-unix-common/4.1.94.Final/netty-transport-native-unix-common-4.1.94.Final.jar:/home/lorran-henrique/.m2/repository/io/netty/netty-codec/4.1.94.Final/netty-codec-4.1.94.Final.jar:/home/lorran-henrique/.m2/repository/io/netty/netty-transport/4.1.94.Final/netty-transport-4.1.94.Final.jar:/home/lorran-henrique/.m2/repository/io/projectreactor/reactor-core/3.4.31/reactor-core-3.4.31.jar:/home/lorran-henrique/.m2/repository/org/reactivestreams/reactive-streams/1.0.4/reactive-streams-1.0.4.jar:/home/lorran-henrique/.m2/repository/org/springframework/boot/spring-boot-starter-actuator/2.7.14/spring-boot-starter-actuator-2.7.14.jar:/home/lorran-henrique/.m2/repository/org/springframework/boot/spring-boot-actuator-autoconfigure/2.7.14/spring-boot-actuator-autoconfigure-2.7.14.jar:/home/lorran-henrique/.m2/repository/org/springframework/boot/spring-boot-actuator/2.7.14/spring-boot-actuator-2.7.14.jar:/home/lorran-henrique/.m2/repository/io/micrometer/micrometer-core/1.9.13/micrometer-core-1.9.13.jar:/home/lorran-henrique/.m2/repository/org/hdrhistogram/HdrHistogram/2.1.12/HdrHistogram-2.1.12.jar:/home/lorran-henrique/.m2/repository/org/latencyutils/LatencyUtils/2.0.3/LatencyUtils-2.0.3.jar:/home/lorran-henrique/.m2/repository/org/springframework/boot/spring-boot-starter-security/2.7.14/spring-boot-starter-security-2.7.14.jar:/home/lorran-henrique/.m2/repository/org/springframework/spring-aop/5.3.29/spring-aop-5.3.29.jar:/home/lorran-henrique/.m2/repository/org/springframework/security/spring-security-config/5.7.10/spring-security-config-5.7.10.jar:/home/lorran-henrique/.m2/repository/org/springframework/security/spring-security-web/5.7.10/spring-security-web-5.7.10.jar:/home/lorran-henrique/.m2/repository/org/postgresql/postgresql/42.3.8/postgresql-42.3.8.jar:/home/lorran-henrique/.m2/repository/org/checkerframework/checker-qual/3.5.0/checker-qual-3.5.0.jar:/home/lorran-henrique/.m2/repository/com/h2database/h2/2.1.214/h2-2.1.214.jar:/home/lorran-henrique/.m2/repository/org/liquibase/liquibase-core/4.9.1/liquibase-core-4.9.1.jar:/home/lorran-henrique/.m2/repository/javax/xml/bind/jaxb-api/2.3.1/jaxb-api-2.3.1.jar:/home/lorran-henrique/.m2/repository/javax/activation/javax.activation-api/1.2.0/javax.activation-api-1.2.0.jar:/home/lorran-henrique/.m2/repository/org/springdoc/springdoc-openapi-ui/1.7.0/springdoc-openapi-ui-1.7.0.jar:/home/lorran-henrique/.m2/repository/org/springdoc/springdoc-openapi-webmvc-core/1.7.0/springdoc-openapi-webmvc-core-1.7.0.jar:/home/lorran-henrique/.m2/repository/org/springdoc/springdoc-openapi-common/1.7.0/springdoc-openapi-common-1.7.0.jar:/home/lorran-henrique/.m2/repository/io/swagger/core/v3/swagger-core/2.2.9/swagger-core-2.2.9.jar:/home/lorran-henrique/.m2/repository/org/apache/commons/commons-lang3/3.12.0/commons-lang3-3.12.0.jar:/home/lorran-henrique/.m2/repository/com/fasterxml/jackson/dataformat/jackson-dataformat-yaml/2.13.5/jackson-dataformat-yaml-2.13.5.jar:/home/lorran-henrique/.m2/repository/io/swagger/core/v3/swagger-annotations/2.2.9/swagger-annotations-2.2.9.jar:/home/lorran-henrique/.m2/repository/io/swagger/core/v3/swagger-models/2.2.9/swagger-models-2.2.9.jar:/home/lorran-henrique/.m2/repository/org/webjars/swagger-ui/4.18.2/swagger-ui-4.18.2.jar:/home/lorran-henrique/.m2/repository/org/projectlombok/lombok/1.18.28/lombok-1.18.28.jar:/home/lorran-henrique/.m2/repository/org/mapstruct/mapstruct/1.5.5.Final/mapstruct-1.5.5.Final.jar:/home/lorran-henrique/.m2/repository/io/micrometer/micrometer-registry-prometheus/1.9.13/micrometer-registry-prometheus-1.9.13.jar:/home/lorran-henrique/.m2/repository/io/prometheus/simpleclient_common/0.15.0/simpleclient_common-0.15.0.jar:/home/lorran-henrique/.m2/repository/io/prometheus/simpleclient/0.15.0/simpleclient-0.15.0.jar:/home/lorran-henrique/.m2/repository/io/prometheus/simpleclient_tracer_otel/0.15.0/simpleclient_tracer_otel-0.15.0.jar:/home/lorran-henrique/.m2/repository/io/prometheus/simpleclient_tracer_common/0.15.0/simpleclient_tracer_common-0.15.0.jar:/home/lorran-henrique/.m2/repository/io/prometheus/simpleclient_tracer_otel_agent/0.15.0/simpleclient_tracer_otel_agent-0.15.0.jar:/home/lorran-henrique/.m2/repository/org/springframework/boot/spring-boot-starter-test/2.7.14/spring-boot-starter-test-2.7.14.jar:/home/lorran-henrique/.m2/repository/org/springframework/boot/spring-boot-test/2.7.14/spring-boot-test-2.7.14.jar:/home/lorran-henrique/.m2/repository/org/springframework/boot/spring-boot-test-autoconfigure/2.7.14/spring-boot-test-autoconfigure-2.7.14.jar:/home/lorran-henrique/.m2/repository/com/jayway/jsonpath/json-path/2.7.0/json-path-2.7.0.jar:/home/lorran-henrique/.m2/repository/net/minidev/json-smart/2.4.11/json-smart-2.4.11.jar:/home/lorran-henrique/.m2/repository/net/minidev/accessors-smart/2.4.11/accessors-smart-2.4.11.jar:/home/lorran-henrique/.m2/repository/org/ow2/asm/asm/9.3/asm-9.3.jar:/home/lorran-henrique/.m2/repository/jakarta/xml/bind/jakarta.xml.bind-api/2.3.3/jakarta.xml.bind-api-2.3.3.jar:/home/lorran-henrique/.m2/repository/jakarta/activation/jakarta.activation-api/1.2.2/jakarta.activation-api-1.2.2.jar:/home/lorran-henrique/.m2/repository/org/assertj/assertj-core/3.22.0/assertj-core-3.22.0.jar:/home/lorran-henrique/.m2/repository/org/hamcrest/hamcrest/2.2/hamcrest-2.2.jar:/home/lorran-henrique/.m2/repository/org/junit/jupiter/junit-jupiter/5.8.2/junit-jupiter-5.8.2.jar:/home/lorran-henrique/.m2/repository/org/junit/jupiter/junit-jupiter-api/5.8.2/junit-jupiter-api-5.8.2.jar:/home/lorran-henrique/.m2/repository/org/opentest4j/opentest4j/1.2.0/opentest4j-1.2.0.jar:/home/lorran-henrique/.m2/repository/org/junit/platform/junit-platform-commons/1.8.2/junit-platform-commons-1.8.2.jar:/home/lorran-henrique/.m2/repository/org/apiguardian/apiguardian-api/1.1.2/apiguardian-api-1.1.2.jar:/home/lorran-henrique/.m2/repository/org/junit/jupiter/junit-jupiter-params/5.8.2/junit-jupiter-params-5.8.2.jar:/home/lorran-henrique/.m2/repository/org/junit/jupiter/junit-jupiter-engine/5.8.2/junit-jupiter-engine-5.8.2.jar:/home/lorran-henrique/.m2/repository/org/junit/platform/junit-platform-engine/1.8.2/junit-platform-engine-1.8.2.jar:/home/lorran-henrique/.m2/repository/org/mockito/mockito-core/4.5.1/mockito-core-4.5.1.jar:/home/lorran-henrique/.m2/repository/net/bytebuddy/byte-buddy-agent/1.12.23/byte-buddy-agent-1.12.23.jar:/home/lorran-henrique/.m2/repository/org/objenesis/objenesis/3.2/objenesis-3.2.jar:/home/lorran-henrique/.m2/repository/org/mockito/mockito-junit-jupiter/4.5.1/mockito-junit-jupiter-4.5.1.jar:/home/lorran-henrique/.m2/repository/org/skyscreamer/jsonassert/1.5.1/jsonassert-1.5.1.jar:/home/lorran-henrique/.m2/repository/com/vaadin/external/google/android-json/0.0.20131108.vaadin1/android-json-0.0.20131108.vaadin1.jar:/home/lorran-henrique/.m2/repository/org/springframework/spring-core/5.3.29/spring-core-5.3.29.jar:/home/lorran-henrique/.m2/repository/org/springframework/spring-jcl/5.3.29/spring-jcl-5.3.29.jar:/home/lorran-henrique/.m2/repository/org/springframework/spring-test/5.3.29/spring-test-5.3.29.jar:/home/lorran-henrique/.m2/repository/org/xmlunit/xmlunit-core/2.9.1/xmlunit-core-2.9.1.jar:/home/lorran-henrique/.m2/repository/org/testcontainers/testcontainers/1.18.3/testcontainers-1.18.3.jar:/home/lorran-henrique/.m2/repository/junit/junit/4.13.2/junit-4.13.2.jar:/home/lorran-henrique/.m2/repository/org/hamcrest/hamcrest-core/2.2/hamcrest-core-2.2.jar:/home/lorran-henrique/.m2/repository/org/slf4j/slf4j-api/1.7.36/slf4j-api-1.7.36.jar:/home/lorran-henrique/.m2/repository/org/apache/commons/commons-compress/1.23.0/commons-compress-1.23.0.jar:/home/lorran-henrique/.m2/repository/org/rnorth/duct-tape/duct-tape/1.0.8/duct-tape-1.0.8.jar:/home/lorran-henrique/.m2/repository/org/jetbrains/annotations/17.0.0/annotations-17.0.0.jar:/home/lorran-henrique/.m2/repository/com/github/docker-java/docker-java-api/3.3.0/docker-java-api-3.3.0.jar:/home/lorran-henrique/.m2/repository/com/fasterxml/jackson/core/jackson-annotations/2.13.5/jackson-annotations-2.13.5.jar:/home/lorran-henrique/.m2/repository/com/github/docker-java/docker-java-transport-zerodep/3.3.0/docker-java-transport-zerodep-3.3.0.jar:/home/lorran-henrique/.m2/repository/com/github/docker-java/docker-java-transport/3.3.0/docker-java-transport-3.3.0.jar:/home/lorran-henrique/.m2/repository/net/java/dev/jna/jna/5.12.1/jna-5.12.1.jar:/home/lorran-henrique/.m2/repository/org/testcontainers/postgresql/1.18.3/postgresql-1.18.3.jar:/home/lorran-henrique/.m2/repository/org/testcontainers/jdbc/1.18.3/jdbc-1.18.3.jar:/home/lorran-henrique/.m2/repository/org/testcontainers/database-commons/1.18.3/database-commons-1.18.3.jar:/home/lorran-henrique/.m2/repository/org/testcontainers/junit-jupiter/1.18.3/junit-jupiter-1.18.3.jar:/home/lorran-henrique/.m2/repository/com/tngtech/archunit/archunit-junit5/1.0.1/archunit-junit5-1.0.1.jar:/home/lorran-henrique/.m2/repository/com/tngtech/archunit/archunit-junit5-api/1.0.1/archunit-junit5-api-1.0.1.jar:/home/lorran-henrique/.m2/repository/com/tngtech/archunit/archunit/1.0.1/archunit-1.0.1.jar:/home/lorran-henrique/.m2/repository/com/tngtech/archunit/archunit-junit5-engine/1.0.1/archunit-junit5-engine-1.0.1.jar:/home/lorran-henrique/.m2/repository/com/tngtech/archunit/archunit-junit5-engine-api/1.0.1/archunit-junit5-engine-api-1.0.1.jar:/home/lorran-henrique/.m2/repository/org/springframework/security/spring-security-test/5.7.10/spring-security-test-5.7.10.jar:/home/lorran-henrique/.m2/repository/org/springframework/security/spring-security-core/5.7.10/spring-security-core-5.7.10.jar:/home/lorran-henrique/.m2/repository/org/springframework/security/spring-security-crypto/5.7.10/spring-security-crypto-5.7.10.jar:"/>
    <property name="java.vm.vendor" value="Ubuntu"/>
    <property name="sun.arch.data.model" value="64"/>
    <property name="java.vendor.url" value="https://ubuntu.com/"/>
    <property name="os.name" value="Linux"/>
    <property name="java.vm.specification.version" value="17"/>
    <property name="sun.java.launcher" value="SUN_STANDARD"/>
    <property name="user.country" value="BR"/>
    <property name="sun.boot.library.path" value="/usr/lib/jvm/java-17-openjdk-amd64/lib"/>
    <property name="sun.java.command" value="/home/lorran-henrique/Documentos/testando/sports-store/backend/target/surefire/surefirebooter17060022525660068738.jar /home/lorran-henrique/Documentos/testando/sports-store/backend/target/surefire 2025-07-01T20-52-37_390-jvmRun1 surefire13463042426612717557tmp surefire_013860382007406435505tmp"/>
    <property name="jdk.debug" value="release"/>
    <property name="surefire.test.class.path" value="/home/lorran-henrique/Documentos/testando/sports-store/backend/target/test-classes:/home/lorran-henrique/Documentos/testando/sports-store/backend/target/classes:/home/lorran-henrique/.m2/repository/org/springframework/boot/spring-boot-starter-web/2.7.14/spring-boot-starter-web-2.7.14.jar:/home/lorran-henrique/.m2/repository/org/springframework/boot/spring-boot-starter/2.7.14/spring-boot-starter-2.7.14.jar:/home/lorran-henrique/.m2/repository/org/springframework/boot/spring-boot/2.7.14/spring-boot-2.7.14.jar:/home/lorran-henrique/.m2/repository/org/springframework/boot/spring-boot-autoconfigure/2.7.14/spring-boot-autoconfigure-2.7.14.jar:/home/lorran-henrique/.m2/repository/org/springframework/boot/spring-boot-starter-logging/2.7.14/spring-boot-starter-logging-2.7.14.jar:/home/lorran-henrique/.m2/repository/ch/qos/logback/logback-classic/1.2.12/logback-classic-1.2.12.jar:/home/lorran-henrique/.m2/repository/ch/qos/logback/logback-core/1.2.12/logback-core-1.2.12.jar:/home/lorran-henrique/.m2/repository/org/apache/logging/log4j/log4j-to-slf4j/2.17.2/log4j-to-slf4j-2.17.2.jar:/home/lorran-henrique/.m2/repository/org/apache/logging/log4j/log4j-api/2.17.2/log4j-api-2.17.2.jar:/home/lorran-henrique/.m2/repository/org/slf4j/jul-to-slf4j/1.7.36/jul-to-slf4j-1.7.36.jar:/home/lorran-henrique/.m2/repository/jakarta/annotation/jakarta.annotation-api/1.3.5/jakarta.annotation-api-1.3.5.jar:/home/lorran-henrique/.m2/repository/org/yaml/snakeyaml/1.30/snakeyaml-1.30.jar:/home/lorran-henrique/.m2/repository/org/springframework/boot/spring-boot-starter-json/2.7.14/spring-boot-starter-json-2.7.14.jar:/home/lorran-henrique/.m2/repository/com/fasterxml/jackson/core/jackson-databind/2.13.5/jackson-databind-2.13.5.jar:/home/lorran-henrique/.m2/repository/com/fasterxml/jackson/core/jackson-core/2.13.5/jackson-core-2.13.5.jar:/home/lorran-henrique/.m2/repository/com/fasterxml/jackson/datatype/jackson-datatype-jdk8/2.13.5/jackson-datatype-jdk8-2.13.5.jar:/home/lorran-henrique/.m2/repository/com/fasterxml/jackson/datatype/jackson-datatype-jsr310/2.13.5/jackson-datatype-jsr310-2.13.5.jar:/home/lorran-henrique/.m2/repository/com/fasterxml/jackson/module/jackson-module-parameter-names/2.13.5/jackson-module-parameter-names-2.13.5.jar:/home/lorran-henrique/.m2/repository/org/springframework/boot/spring-boot-starter-tomcat/2.7.14/spring-boot-starter-tomcat-2.7.14.jar:/home/lorran-henrique/.m2/repository/org/apache/tomcat/embed/tomcat-embed-core/9.0.78/tomcat-embed-core-9.0.78.jar:/home/lorran-henrique/.m2/repository/org/apache/tomcat/embed/tomcat-embed-websocket/9.0.78/tomcat-embed-websocket-9.0.78.jar:/home/lorran-henrique/.m2/repository/org/springframework/spring-web/5.3.29/spring-web-5.3.29.jar:/home/lorran-henrique/.m2/repository/org/springframework/spring-beans/5.3.29/spring-beans-5.3.29.jar:/home/lorran-henrique/.m2/repository/org/springframework/spring-webmvc/5.3.29/spring-webmvc-5.3.29.jar:/home/lorran-henrique/.m2/repository/org/springframework/spring-context/5.3.29/spring-context-5.3.29.jar:/home/lorran-henrique/.m2/repository/org/springframework/spring-expression/5.3.29/spring-expression-5.3.29.jar:/home/lorran-henrique/.m2/repository/org/springframework/boot/spring-boot-starter-data-jpa/2.7.14/spring-boot-starter-data-jpa-2.7.14.jar:/home/lorran-henrique/.m2/repository/org/springframework/boot/spring-boot-starter-aop/2.7.14/spring-boot-starter-aop-2.7.14.jar:/home/lorran-henrique/.m2/repository/org/aspectj/aspectjweaver/1.9.7/aspectjweaver-1.9.7.jar:/home/lorran-henrique/.m2/repository/org/springframework/boot/spring-boot-starter-jdbc/2.7.14/spring-boot-starter-jdbc-2.7.14.jar:/home/lorran-henrique/.m2/repository/com/zaxxer/HikariCP/4.0.3/HikariCP-4.0.3.jar:/home/lorran-henrique/.m2/repository/org/springframework/spring-jdbc/5.3.29/spring-jdbc-5.3.29.jar:/home/lorran-henrique/.m2/repository/jakarta/transaction/jakarta.transaction-api/1.3.3/jakarta.transaction-api-1.3.3.jar:/home/lorran-henrique/.m2/repository/jakarta/persistence/jakarta.persistence-api/2.2.3/jakarta.persistence-api-2.2.3.jar:/home/lorran-henrique/.m2/repository/org/hibernate/hibernate-core/5.6.15.Final/hibernate-core-5.6.15.Final.jar:/home/lorran-henrique/.m2/repository/org/jboss/logging/jboss-logging/3.4.3.Final/jboss-logging-3.4.3.Final.jar:/home/lorran-henrique/.m2/repository/net/bytebuddy/byte-buddy/1.12.23/byte-buddy-1.12.23.jar:/home/lorran-henrique/.m2/repository/antlr/antlr/2.7.7/antlr-2.7.7.jar:/home/lorran-henrique/.m2/repository/org/jboss/jandex/2.4.2.Final/jandex-2.4.2.Final.jar:/home/lorran-henrique/.m2/repository/com/fasterxml/classmate/1.5.1/classmate-1.5.1.jar:/home/lorran-henrique/.m2/repository/org/hibernate/common/hibernate-commons-annotations/5.1.2.Final/hibernate-commons-annotations-5.1.2.Final.jar:/home/lorran-henrique/.m2/repository/org/glassfish/jaxb/jaxb-runtime/2.3.8/jaxb-runtime-2.3.8.jar:/home/lorran-henrique/.m2/repository/org/glassfish/jaxb/txw2/2.3.8/txw2-2.3.8.jar:/home/lorran-henrique/.m2/repository/com/sun/istack/istack-commons-runtime/3.0.12/istack-commons-runtime-3.0.12.jar:/home/lorran-henrique/.m2/repository/com/sun/activation/jakarta.activation/1.2.2/jakarta.activation-1.2.2.jar:/home/lorran-henrique/.m2/repository/org/springframework/data/spring-data-jpa/2.7.14/spring-data-jpa-2.7.14.jar:/home/lorran-henrique/.m2/repository/org/springframework/data/spring-data-commons/2.7.14/spring-data-commons-2.7.14.jar:/home/lorran-henrique/.m2/repository/org/springframework/spring-orm/5.3.29/spring-orm-5.3.29.jar:/home/lorran-henrique/.m2/repository/org/springframework/spring-tx/5.3.29/spring-tx-5.3.29.jar:/home/lorran-henrique/.m2/repository/org/springframework/spring-aspects/5.3.29/spring-aspects-5.3.29.jar:/home/lorran-henrique/.m2/repository/org/springframework/boot/spring-boot-starter-validation/2.7.14/spring-boot-starter-validation-2.7.14.jar:/home/lorran-henrique/.m2/repository/org/apache/tomcat/embed/tomcat-embed-el/9.0.78/tomcat-embed-el-9.0.78.jar:/home/lorran-henrique/.m2/repository/org/hibernate/validator/hibernate-validator/6.2.5.Final/hibernate-validator-6.2.5.Final.jar:/home/lorran-henrique/.m2/repository/jakarta/validation/jakarta.validation-api/2.0.2/jakarta.validation-api-2.0.2.jar:/home/lorran-henrique/.m2/repository/org/springframework/boot/spring-boot-starter-cache/2.7.14/spring-boot-starter-cache-2.7.14.jar:/home/lorran-henrique/.m2/repository/org/springframework/spring-context-support/5.3.29/spring-context-support-5.3.29.jar:/home/lorran-henrique/.m2/repository/org/springframework/boot/spring-boot-starter-data-redis/2.7.14/spring-boot-starter-data-redis-2.7.14.jar:/home/lorran-henrique/.m2/repository/org/springframework/data/spring-data-redis/2.7.14/spring-data-redis-2.7.14.jar:/home/lorran-henrique/.m2/repository/org/springframework/data/spring-data-keyvalue/2.7.14/spring-data-keyvalue-2.7.14.jar:/home/lorran-henrique/.m2/repository/org/springframework/spring-oxm/5.3.29/spring-oxm-5.3.29.jar:/home/lorran-henrique/.m2/repository/io/lettuce/lettuce-core/6.1.10.RELEASE/lettuce-core-6.1.10.RELEASE.jar:/home/lorran-henrique/.m2/repository/io/netty/netty-common/4.1.94.Final/netty-common-4.1.94.Final.jar:/home/lorran-henrique/.m2/repository/io/netty/netty-handler/4.1.94.Final/netty-handler-4.1.94.Final.jar:/home/lorran-henrique/.m2/repository/io/netty/netty-resolver/4.1.94.Final/netty-resolver-4.1.94.Final.jar:/home/lorran-henrique/.m2/repository/io/netty/netty-buffer/4.1.94.Final/netty-buffer-4.1.94.Final.jar:/home/lorran-henrique/.m2/repository/io/netty/netty-transport-native-unix-common/4.1.94.Final/netty-transport-native-unix-common-4.1.94.Final.jar:/home/lorran-henrique/.m2/repository/io/netty/netty-codec/4.1.94.Final/netty-codec-4.1.94.Final.jar:/home/lorran-henrique/.m2/repository/io/netty/netty-transport/4.1.94.Final/netty-transport-4.1.94.Final.jar:/home/lorran-henrique/.m2/repository/io/projectreactor/reactor-core/3.4.31/reactor-core-3.4.31.jar:/home/lorran-henrique/.m2/repository/org/reactivestreams/reactive-streams/1.0.4/reactive-streams-1.0.4.jar:/home/lorran-henrique/.m2/repository/org/springframework/boot/spring-boot-starter-actuator/2.7.14/spring-boot-starter-actuator-2.7.14.jar:/home/lorran-henrique/.m2/repository/org/springframework/boot/spring-boot-actuator-autoconfigure/2.7.14/spring-boot-actuator-autoconfigure-2.7.14.jar:/home/lorran-henrique/.m2/repository/org/springframework/boot/spring-boot-actuator/2.7.14/spring-boot-actuator-2.7.14.jar:/home/lorran-henrique/.m2/repository/io/micrometer/micrometer-core/1.9.13/micrometer-core-1.9.13.jar:/home/lorran-henrique/.m2/repository/org/hdrhistogram/HdrHistogram/2.1.12/HdrHistogram-2.1.12.jar:/home/lorran-henrique/.m2/repository/org/latencyutils/LatencyUtils/2.0.3/LatencyUtils-2.0.3.jar:/home/lorran-henrique/.m2/repository/org/springframework/boot/spring-boot-starter-security/2.7.14/spring-boot-starter-security-2.7.14.jar:/home/lorran-henrique/.m2/repository/org/springframework/spring-aop/5.3.29/spring-aop-5.3.29.jar:/home/lorran-henrique/.m2/repository/org/springframework/security/spring-security-config/5.7.10/spring-security-config-5.7.10.jar:/home/lorran-henrique/.m2/repository/org/springframework/security/spring-security-web/5.7.10/spring-security-web-5.7.10.jar:/home/lorran-henrique/.m2/repository/org/postgresql/postgresql/42.3.8/postgresql-42.3.8.jar:/home/lorran-henrique/.m2/repository/org/checkerframework/checker-qual/3.5.0/checker-qual-3.5.0.jar:/home/lorran-henrique/.m2/repository/com/h2database/h2/2.1.214/h2-2.1.214.jar:/home/lorran-henrique/.m2/repository/org/liquibase/liquibase-core/4.9.1/liquibase-core-4.9.1.jar:/home/lorran-henrique/.m2/repository/javax/xml/bind/jaxb-api/2.3.1/jaxb-api-2.3.1.jar:/home/lorran-henrique/.m2/repository/javax/activation/javax.activation-api/1.2.0/javax.activation-api-1.2.0.jar:/home/lorran-henrique/.m2/repository/org/springdoc/springdoc-openapi-ui/1.7.0/springdoc-openapi-ui-1.7.0.jar:/home/lorran-henrique/.m2/repository/org/springdoc/springdoc-openapi-webmvc-core/1.7.0/springdoc-openapi-webmvc-core-1.7.0.jar:/home/lorran-henrique/.m2/repository/org/springdoc/springdoc-openapi-common/1.7.0/springdoc-openapi-common-1.7.0.jar:/home/lorran-henrique/.m2/repository/io/swagger/core/v3/swagger-core/2.2.9/swagger-core-2.2.9.jar:/home/lorran-henrique/.m2/repository/org/apache/commons/commons-lang3/3.12.0/commons-lang3-3.12.0.jar:/home/lorran-henrique/.m2/repository/com/fasterxml/jackson/dataformat/jackson-dataformat-yaml/2.13.5/jackson-dataformat-yaml-2.13.5.jar:/home/lorran-henrique/.m2/repository/io/swagger/core/v3/swagger-annotations/2.2.9/swagger-annotations-2.2.9.jar:/home/lorran-henrique/.m2/repository/io/swagger/core/v3/swagger-models/2.2.9/swagger-models-2.2.9.jar:/home/lorran-henrique/.m2/repository/org/webjars/swagger-ui/4.18.2/swagger-ui-4.18.2.jar:/home/lorran-henrique/.m2/repository/org/projectlombok/lombok/1.18.28/lombok-1.18.28.jar:/home/lorran-henrique/.m2/repository/org/mapstruct/mapstruct/1.5.5.Final/mapstruct-1.5.5.Final.jar:/home/lorran-henrique/.m2/repository/io/micrometer/micrometer-registry-prometheus/1.9.13/micrometer-registry-prometheus-1.9.13.jar:/home/lorran-henrique/.m2/repository/io/prometheus/simpleclient_common/0.15.0/simpleclient_common-0.15.0.jar:/home/lorran-henrique/.m2/repository/io/prometheus/simpleclient/0.15.0/simpleclient-0.15.0.jar:/home/lorran-henrique/.m2/repository/io/prometheus/simpleclient_tracer_otel/0.15.0/simpleclient_tracer_otel-0.15.0.jar:/home/lorran-henrique/.m2/repository/io/prometheus/simpleclient_tracer_common/0.15.0/simpleclient_tracer_common-0.15.0.jar:/home/lorran-henrique/.m2/repository/io/prometheus/simpleclient_tracer_otel_agent/0.15.0/simpleclient_tracer_otel_agent-0.15.0.jar:/home/lorran-henrique/.m2/repository/org/springframework/boot/spring-boot-starter-test/2.7.14/spring-boot-starter-test-2.7.14.jar:/home/lorran-henrique/.m2/repository/org/springframework/boot/spring-boot-test/2.7.14/spring-boot-test-2.7.14.jar:/home/lorran-henrique/.m2/repository/org/springframework/boot/spring-boot-test-autoconfigure/2.7.14/spring-boot-test-autoconfigure-2.7.14.jar:/home/lorran-henrique/.m2/repository/com/jayway/jsonpath/json-path/2.7.0/json-path-2.7.0.jar:/home/lorran-henrique/.m2/repository/net/minidev/json-smart/2.4.11/json-smart-2.4.11.jar:/home/lorran-henrique/.m2/repository/net/minidev/accessors-smart/2.4.11/accessors-smart-2.4.11.jar:/home/lorran-henrique/.m2/repository/org/ow2/asm/asm/9.3/asm-9.3.jar:/home/lorran-henrique/.m2/repository/jakarta/xml/bind/jakarta.xml.bind-api/2.3.3/jakarta.xml.bind-api-2.3.3.jar:/home/lorran-henrique/.m2/repository/jakarta/activation/jakarta.activation-api/1.2.2/jakarta.activation-api-1.2.2.jar:/home/lorran-henrique/.m2/repository/org/assertj/assertj-core/3.22.0/assertj-core-3.22.0.jar:/home/lorran-henrique/.m2/repository/org/hamcrest/hamcrest/2.2/hamcrest-2.2.jar:/home/lorran-henrique/.m2/repository/org/junit/jupiter/junit-jupiter/5.8.2/junit-jupiter-5.8.2.jar:/home/lorran-henrique/.m2/repository/org/junit/jupiter/junit-jupiter-api/5.8.2/junit-jupiter-api-5.8.2.jar:/home/lorran-henrique/.m2/repository/org/opentest4j/opentest4j/1.2.0/opentest4j-1.2.0.jar:/home/lorran-henrique/.m2/repository/org/junit/platform/junit-platform-commons/1.8.2/junit-platform-commons-1.8.2.jar:/home/lorran-henrique/.m2/repository/org/apiguardian/apiguardian-api/1.1.2/apiguardian-api-1.1.2.jar:/home/lorran-henrique/.m2/repository/org/junit/jupiter/junit-jupiter-params/5.8.2/junit-jupiter-params-5.8.2.jar:/home/lorran-henrique/.m2/repository/org/junit/jupiter/junit-jupiter-engine/5.8.2/junit-jupiter-engine-5.8.2.jar:/home/lorran-henrique/.m2/repository/org/junit/platform/junit-platform-engine/1.8.2/junit-platform-engine-1.8.2.jar:/home/lorran-henrique/.m2/repository/org/mockito/mockito-core/4.5.1/mockito-core-4.5.1.jar:/home/lorran-henrique/.m2/repository/net/bytebuddy/byte-buddy-agent/1.12.23/byte-buddy-agent-1.12.23.jar:/home/lorran-henrique/.m2/repository/org/objenesis/objenesis/3.2/objenesis-3.2.jar:/home/lorran-henrique/.m2/repository/org/mockito/mockito-junit-jupiter/4.5.1/mockito-junit-jupiter-4.5.1.jar:/home/lorran-henrique/.m2/repository/org/skyscreamer/jsonassert/1.5.1/jsonassert-1.5.1.jar:/home/lorran-henrique/.m2/repository/com/vaadin/external/google/android-json/0.0.20131108.vaadin1/android-json-0.0.20131108.vaadin1.jar:/home/lorran-henrique/.m2/repository/org/springframework/spring-core/5.3.29/spring-core-5.3.29.jar:/home/lorran-henrique/.m2/repository/org/springframework/spring-jcl/5.3.29/spring-jcl-5.3.29.jar:/home/lorran-henrique/.m2/repository/org/springframework/spring-test/5.3.29/spring-test-5.3.29.jar:/home/lorran-henrique/.m2/repository/org/xmlunit/xmlunit-core/2.9.1/xmlunit-core-2.9.1.jar:/home/lorran-henrique/.m2/repository/org/testcontainers/testcontainers/1.18.3/testcontainers-1.18.3.jar:/home/lorran-henrique/.m2/repository/junit/junit/4.13.2/junit-4.13.2.jar:/home/lorran-henrique/.m2/repository/org/hamcrest/hamcrest-core/2.2/hamcrest-core-2.2.jar:/home/lorran-henrique/.m2/repository/org/slf4j/slf4j-api/1.7.36/slf4j-api-1.7.36.jar:/home/lorran-henrique/.m2/repository/org/apache/commons/commons-compress/1.23.0/commons-compress-1.23.0.jar:/home/lorran-henrique/.m2/repository/org/rnorth/duct-tape/duct-tape/1.0.8/duct-tape-1.0.8.jar:/home/lorran-henrique/.m2/repository/org/jetbrains/annotations/17.0.0/annotations-17.0.0.jar:/home/lorran-henrique/.m2/repository/com/github/docker-java/docker-java-api/3.3.0/docker-java-api-3.3.0.jar:/home/lorran-henrique/.m2/repository/com/fasterxml/jackson/core/jackson-annotations/2.13.5/jackson-annotations-2.13.5.jar:/home/lorran-henrique/.m2/repository/com/github/docker-java/docker-java-transport-zerodep/3.3.0/docker-java-transport-zerodep-3.3.0.jar:/home/lorran-henrique/.m2/repository/com/github/docker-java/docker-java-transport/3.3.0/docker-java-transport-3.3.0.jar:/home/lorran-henrique/.m2/repository/net/java/dev/jna/jna/5.12.1/jna-5.12.1.jar:/home/lorran-henrique/.m2/repository/org/testcontainers/postgresql/1.18.3/postgresql-1.18.3.jar:/home/lorran-henrique/.m2/repository/org/testcontainers/jdbc/1.18.3/jdbc-1.18.3.jar:/home/lorran-henrique/.m2/repository/org/testcontainers/database-commons/1.18.3/database-commons-1.18.3.jar:/home/lorran-henrique/.m2/repository/org/testcontainers/junit-jupiter/1.18.3/junit-jupiter-1.18.3.jar:/home/lorran-henrique/.m2/repository/com/tngtech/archunit/archunit-junit5/1.0.1/archunit-junit5-1.0.1.jar:/home/lorran-henrique/.m2/repository/com/tngtech/archunit/archunit-junit5-api/1.0.1/archunit-junit5-api-1.0.1.jar:/home/lorran-henrique/.m2/repository/com/tngtech/archunit/archunit/1.0.1/archunit-1.0.1.jar:/home/lorran-henrique/.m2/repository/com/tngtech/archunit/archunit-junit5-engine/1.0.1/archunit-junit5-engine-1.0.1.jar:/home/lorran-henrique/.m2/repository/com/tngtech/archunit/archunit-junit5-engine-api/1.0.1/archunit-junit5-engine-api-1.0.1.jar:/home/lorran-henrique/.m2/repository/org/springframework/security/spring-security-test/5.7.10/spring-security-test-5.7.10.jar:/home/lorran-henrique/.m2/repository/org/springframework/security/spring-security-core/5.7.10/spring-security-core-5.7.10.jar:/home/lorran-henrique/.m2/repository/org/springframework/security/spring-security-crypto/5.7.10/spring-security-crypto-5.7.10.jar:"/>
    <property name="sun.cpu.endian" value="little"/>
    <property name="user.home" value="/home/lorran-henrique"/>
    <property name="user.language" value="pt"/>
    <property name="java.specification.vendor" value="Oracle Corporation"/>
    <property name="java.version.date" value="2025-04-15"/>
    <property name="java.home" value="/usr/lib/jvm/java-17-openjdk-amd64"/>
    <property name="file.separator" value="/"/>
    <property name="basedir" value="/home/lorran-henrique/Documentos/testando/sports-store/backend"/>
    <property name="java.vm.compressedOopsMode" value="Zero based"/>
    <property name="line.separator" value="&#10;"/>
    <property name="java.specification.name" value="Java Platform API Specification"/>
    <property name="java.vm.specification.vendor" value="Oracle Corporation"/>
    <property name="surefire.real.class.path" value="/home/lorran-henrique/Documentos/testando/sports-store/backend/target/surefire/surefirebooter17060022525660068738.jar"/>
    <property name="sun.management.compiler" value="HotSpot 64-Bit Tiered Compilers"/>
    <property name="java.runtime.version" value="17.0.15+6-Ubuntu-0ubuntu125.04"/>
    <property name="user.name" value="lorran-henrique"/>
    <property name="path.separator" value=":"/>
    <property name="os.version" value="6.14.0-23-generic"/>
    <property name="java.runtime.name" value="OpenJDK Runtime Environment"/>
    <property name="file.encoding" value="UTF-8"/>
    <property name="java.vm.name" value="OpenJDK 64-Bit Server VM"/>
    <property name="localRepository" value="/home/lorran-henrique/.m2/repository"/>
    <property name="java.vendor.url.bug" value="https://bugs.launchpad.net/ubuntu/+source/openjdk-17"/>
    <property name="java.io.tmpdir" value="/tmp"/>
    <property name="idea.version" value="2025.1.2"/>
    <property name="java.version" value="17.0.15"/>
    <property name="user.dir" value="/home/lorran-henrique/Documentos/testando/sports-store/backend"/>
    <property name="os.arch" value="amd64"/>
    <property name="java.vm.specification.name" value="Java Virtual Machine Specification"/>
    <property name="native.encoding" value="UTF-8"/>
    <property name="java.library.path" value="/usr/java/packages/lib:/usr/lib/x86_64-linux-gnu/jni:/lib/x86_64-linux-gnu:/usr/lib/x86_64-linux-gnu:/usr/lib/jni:/lib:/usr/lib"/>
    <property name="java.vm.info" value="mixed mode, sharing"/>
    <property name="java.vendor" value="Ubuntu"/>
    <property name="java.vm.version" value="17.0.15+6-Ubuntu-0ubuntu125.04"/>
    <property name="java.specification.maintenance.version" value="1"/>
    <property name="sun.io.unicode.encoding" value="UnicodeLittle"/>
    <property name="java.class.version" value="61.0"/>
  </properties>
  <testcase name="shouldThrowExceptionWhenSkuAlreadyExists" classname="com.sportsstore.application.usecase.CreateProductUseCaseTest" time="0.447"/>
  <testcase name="shouldCreateProductSuccessfully" classname="com.sportsstore.application.usecase.CreateProductUseCaseTest" time="0.002"/>
</testsuite>